
UW_Seattle.dwg

Loading UW_Seattle.dwg to database
fmeFile = gseBasemapLoader.fmw
FME processing time: 2m28s
UW_Seattle.dwg Load processing time: 2m30s
return value set to: True

Loading UW_Seattle.dwg to database
fmeFile = gseBuildingDerive.fmw
FME processing time: 0m19s
UW_Seattle.dwg Load processing time: 0m19s
return value set to: True
Sync changes to database for UW_Seattle.dwg
UW_Seattle.dwg Sync processing time: 0m24s
return value set to: True
Sync changes to database for UW_Seattle.dwg
UW_Seattle.dwg Sync processing time: 0m5s
return value set to: True
UW_Seattle.dwg total processing time: 3m20s
Number of Errors = 0
Total Number of Errors = 0
outputSuccess set to: True, 1 drawings processed
Total Processing time: 3m20s

