
1327XP-01.dwg

Loading 1327XP-01.dwg to database
fmeFile = gseFloorplanLoader.fmw
FME processing time: 1m13s
1327XP-01.dwg Load processing time: 1m15s
return value set to: True

Loading 1327XP-01.dwg to database
fmeFile = gseFloorplanDerive.fmw
FME processing time: 0m27s
1327XP-01.dwg Load processing time: 0m28s
return value set to: True
Sync changes to database for 1327XP-01.dwg
1327XP-01.dwg Sync processing time: 0m13s
return value set to: True
Sync changes to database for 1327XP-01.dwg
1327XP-01.dwg Sync processing time: 0m14s
return value set to: True
1327XP-01.dwg total processing time: 2m11s
Number of Errors = 0
Total Number of Errors = 0
outputSuccess set to: True, 1 drawings processed
Total Processing time: 2m11s

