Getting changed rows for FloorExceptProduction
Getting changed rows for FloorExceptStaging
No changed rows found to delete
No changed rows found to add for Floor_Area
Getting changed rows for FloorAreaExceptProduction
Getting changed rows for FloorAreaExceptStaging
No changed rows found to delete
No changed rows found to add for Floor_Poly
Getting changed rows for FloorPointExceptProduction
Getting changed rows for FloorPointExceptStaging
No changed rows found to delete
No changed rows found to add for Floor_Point
Getting changed rows for FloorplanLinePublishExceptProduction
Getting changed rows for FloorplanLinePublishExceptStaging
No changed rows found to delete
No changed rows found to add for FloorplanLine_Publish
Getting changed rows for InteriorSpaceTiltExceptProduction
Getting changed rows for InteriorSpaceTiltExceptStaging
No changed rows found to delete
No changed rows found to add for InteriorSpace_Tilt
Getting changed rows for InteriorSpacePointExceptProduction
Getting changed rows for InteriorSpacePointExceptStaging
No changed rows found to delete
No changed rows found to add for InteriorSpace_Point
